running egg_info
writing ../../build/mypkg/mypkg.egg-info/PKG-INFO
writing dependency_links to ../../build/mypkg/mypkg.egg-info/dependency_links.txt
writing entry points to ../../build/mypkg/mypkg.egg-info/entry_points.txt
writing requirements to ../../build/mypkg/mypkg.egg-info/requires.txt
writing top-level names to ../../build/mypkg/mypkg.egg-info/top_level.txt
reading manifest file '../../build/mypkg/mypkg.egg-info/SOURCES.txt'
writing manifest file '../../build/mypkg/mypkg.egg-info/SOURCES.txt'
running build
running build_py
copying mypkg/frist_sub.py -> /home/vm22/myros2_ws/build/mypkg/build/lib/mypkg
running install
running install_lib
copying /home/vm22/myros2_ws/build/mypkg/build/lib/mypkg/frist_sub.py -> /home/vm22/myros2_ws/install/mypkg/lib/python3.10/site-packages/mypkg
byte-compiling /home/vm22/myros2_ws/install/mypkg/lib/python3.10/site-packages/mypkg/frist_sub.py to frist_sub.cpython-310.pyc
running install_data
running install_egg_info
removing '/home/vm22/myros2_ws/install/mypkg/lib/python3.10/site-packages/mypkg-0.0.0-py3.10.egg-info' (and everything under it)
Copying ../../build/mypkg/mypkg.egg-info to /home/vm22/myros2_ws/install/mypkg/lib/python3.10/site-packages/mypkg-0.0.0-py3.10.egg-info
running install_scripts
Installing frist_publisher script to /home/vm22/myros2_ws/install/mypkg/lib/mypkg
Installing frist_subscription script to /home/vm22/myros2_ws/install/mypkg/lib/mypkg
Installing twist_publisher script to /home/vm22/myros2_ws/install/mypkg/lib/mypkg
writing list of installed files to '/home/vm22/myros2_ws/build/mypkg/install.log'
