[0.310s] Invoking command in '/home/vm22/myros2_ws/src/mypkg': PYTHONPATH=/home/vm22/myros2_ws/build/mypkg/prefix_override:/home/vm22/myros2_ws/install/mypkg/lib/python3.10/site-packages:${PYTHONPATH} /usr/bin/python3 -W ignore:setup.py install is deprecated setup.py egg_info --egg-base ../../build/mypkg build --build-base /home/vm22/myros2_ws/build/mypkg/build install --record /home/vm22/myros2_ws/build/mypkg/install.log --single-version-externally-managed install_data
[0.424s] running egg_info
[0.424s] creating ../../build/mypkg/mypkg.egg-info
[0.424s] writing ../../build/mypkg/mypkg.egg-info/PKG-INFO
[0.424s] writing dependency_links to ../../build/mypkg/mypkg.egg-info/dependency_links.txt
[0.424s] writing entry points to ../../build/mypkg/mypkg.egg-info/entry_points.txt
[0.424s] writing requirements to ../../build/mypkg/mypkg.egg-info/requires.txt
[0.424s] writing top-level names to ../../build/mypkg/mypkg.egg-info/top_level.txt
[0.424s] writing manifest file '../../build/mypkg/mypkg.egg-info/SOURCES.txt'
[0.425s] reading manifest file '../../build/mypkg/mypkg.egg-info/SOURCES.txt'
[0.425s] writing manifest file '../../build/mypkg/mypkg.egg-info/SOURCES.txt'
[0.425s] running build
[0.425s] running build_py
[0.425s] creating /home/vm22/myros2_ws/build/mypkg/build
[0.425s] creating /home/vm22/myros2_ws/build/mypkg/build/lib
[0.425s] creating /home/vm22/myros2_ws/build/mypkg/build/lib/mypkg
[0.425s] copying mypkg/__init__.py -> /home/vm22/myros2_ws/build/mypkg/build/lib/mypkg
[0.426s] copying mypkg/frist_node.py -> /home/vm22/myros2_ws/build/mypkg/build/lib/mypkg
[0.426s] running install
[0.426s] running install_lib
[0.426s] creating /home/vm22/myros2_ws/install/mypkg/lib/python3.10/site-packages/mypkg
[0.426s] copying /home/vm22/myros2_ws/build/mypkg/build/lib/mypkg/__init__.py -> /home/vm22/myros2_ws/install/mypkg/lib/python3.10/site-packages/mypkg
[0.426s] copying /home/vm22/myros2_ws/build/mypkg/build/lib/mypkg/frist_node.py -> /home/vm22/myros2_ws/install/mypkg/lib/python3.10/site-packages/mypkg
[0.426s] byte-compiling /home/vm22/myros2_ws/install/mypkg/lib/python3.10/site-packages/mypkg/__init__.py to __init__.cpython-310.pyc
[0.427s] byte-compiling /home/vm22/myros2_ws/install/mypkg/lib/python3.10/site-packages/mypkg/frist_node.py to frist_node.cpython-310.pyc
[0.427s] running install_data
[0.427s] creating /home/vm22/myros2_ws/install/mypkg/share/ament_index
[0.427s] creating /home/vm22/myros2_ws/install/mypkg/share/ament_index/resource_index
[0.427s] creating /home/vm22/myros2_ws/install/mypkg/share/ament_index/resource_index/packages
[0.427s] copying resource/mypkg -> /home/vm22/myros2_ws/install/mypkg/share/ament_index/resource_index/packages
[0.427s] copying package.xml -> /home/vm22/myros2_ws/install/mypkg/share/mypkg
[0.427s] running install_egg_info
[0.428s] Copying ../../build/mypkg/mypkg.egg-info to /home/vm22/myros2_ws/install/mypkg/lib/python3.10/site-packages/mypkg-0.0.0-py3.10.egg-info
[0.428s] running install_scripts
[0.439s] Installing frist_publisher script to /home/vm22/myros2_ws/install/mypkg/lib/mypkg
[0.440s] writing list of installed files to '/home/vm22/myros2_ws/build/mypkg/install.log'
[0.452s] Invoked command in '/home/vm22/myros2_ws/src/mypkg' returned '0': PYTHONPATH=/home/vm22/myros2_ws/build/mypkg/prefix_override:/home/vm22/myros2_ws/install/mypkg/lib/python3.10/site-packages:${PYTHONPATH} /usr/bin/python3 -W ignore:setup.py install is deprecated setup.py egg_info --egg-base ../../build/mypkg build --build-base /home/vm22/myros2_ws/build/mypkg/build install --record /home/vm22/myros2_ws/build/mypkg/install.log --single-version-externally-managed install_data
