[0.323s] Invoking command in '/home/vm22/myros2_ws/src/mypkg': PYTHONPATH=/home/vm22/myros2_ws/build/mypkg/prefix_override:/home/vm22/myros2_ws/install/mypkg/lib/python3.10/site-packages:${PYTHONPATH} /usr/bin/python3 -W ignore:setup.py install is deprecated setup.py egg_info --egg-base ../../build/mypkg build --build-base /home/vm22/myros2_ws/build/mypkg/build install --record /home/vm22/myros2_ws/build/mypkg/install.log --single-version-externally-managed install_data
[0.447s] running egg_info
[0.448s] writing ../../build/mypkg/mypkg.egg-info/PKG-INFO
[0.448s] writing dependency_links to ../../build/mypkg/mypkg.egg-info/dependency_links.txt
[0.448s] writing entry points to ../../build/mypkg/mypkg.egg-info/entry_points.txt
[0.448s] writing requirements to ../../build/mypkg/mypkg.egg-info/requires.txt
[0.448s] writing top-level names to ../../build/mypkg/mypkg.egg-info/top_level.txt
[0.449s] reading manifest file '../../build/mypkg/mypkg.egg-info/SOURCES.txt'
[0.449s] writing manifest file '../../build/mypkg/mypkg.egg-info/SOURCES.txt'
[0.449s] running build
[0.449s] running build_py
[0.450s] copying mypkg/twist_pub.py -> /home/vm22/myros2_ws/build/mypkg/build/lib/mypkg
[0.450s] running install
[0.450s] running install_lib
[0.450s] copying /home/vm22/myros2_ws/build/mypkg/build/lib/mypkg/twist_pub.py -> /home/vm22/myros2_ws/install/mypkg/lib/python3.10/site-packages/mypkg
[0.451s] byte-compiling /home/vm22/myros2_ws/install/mypkg/lib/python3.10/site-packages/mypkg/twist_pub.py to twist_pub.cpython-310.pyc
[0.451s] running install_data
[0.451s] running install_egg_info
[0.452s] removing '/home/vm22/myros2_ws/install/mypkg/lib/python3.10/site-packages/mypkg-0.0.0-py3.10.egg-info' (and everything under it)
[0.452s] Copying ../../build/mypkg/mypkg.egg-info to /home/vm22/myros2_ws/install/mypkg/lib/python3.10/site-packages/mypkg-0.0.0-py3.10.egg-info
[0.453s] running install_scripts
[0.466s] Installing frist_publisher script to /home/vm22/myros2_ws/install/mypkg/lib/mypkg
[0.466s] Installing twist_publisher script to /home/vm22/myros2_ws/install/mypkg/lib/mypkg
[0.466s] writing list of installed files to '/home/vm22/myros2_ws/build/mypkg/install.log'
[0.479s] Invoked command in '/home/vm22/myros2_ws/src/mypkg' returned '0': PYTHONPATH=/home/vm22/myros2_ws/build/mypkg/prefix_override:/home/vm22/myros2_ws/install/mypkg/lib/python3.10/site-packages:${PYTHONPATH} /usr/bin/python3 -W ignore:setup.py install is deprecated setup.py egg_info --egg-base ../../build/mypkg build --build-base /home/vm22/myros2_ws/build/mypkg/build install --record /home/vm22/myros2_ws/build/mypkg/install.log --single-version-externally-managed install_data
