/home/vm22/myros2_ws/install/mypkg/lib/python3.10/site-packages/mypkg/frist_sub.py
/home/vm22/myros2_ws/install/mypkg/lib/python3.10/site-packages/mypkg/__init__.py
/home/vm22/myros2_ws/install/mypkg/lib/python3.10/site-packages/mypkg/twist_pub.py
/home/vm22/myros2_ws/install/mypkg/lib/python3.10/site-packages/mypkg/frist_node.py
/home/vm22/myros2_ws/install/mypkg/lib/python3.10/site-packages/mypkg/__pycache__/frist_sub.cpython-310.pyc
/home/vm22/myros2_ws/install/mypkg/lib/python3.10/site-packages/mypkg/__pycache__/__init__.cpython-310.pyc
/home/vm22/myros2_ws/install/mypkg/lib/python3.10/site-packages/mypkg/__pycache__/twist_pub.cpython-310.pyc
/home/vm22/myros2_ws/install/mypkg/lib/python3.10/site-packages/mypkg/__pycache__/frist_node.cpython-310.pyc
/home/vm22/myros2_ws/install/mypkg/share/ament_index/resource_index/packages/mypkg
/home/vm22/myros2_ws/install/mypkg/share/mypkg/package.xml
/home/vm22/myros2_ws/install/mypkg/lib/python3.10/site-packages/mypkg-0.0.0-py3.10.egg-info/entry_points.txt
/home/vm22/myros2_ws/install/mypkg/lib/python3.10/site-packages/mypkg-0.0.0-py3.10.egg-info/requires.txt
/home/vm22/myros2_ws/install/mypkg/lib/python3.10/site-packages/mypkg-0.0.0-py3.10.egg-info/top_level.txt
/home/vm22/myros2_ws/install/mypkg/lib/python3.10/site-packages/mypkg-0.0.0-py3.10.egg-info/PKG-INFO
/home/vm22/myros2_ws/install/mypkg/lib/python3.10/site-packages/mypkg-0.0.0-py3.10.egg-info/dependency_links.txt
/home/vm22/myros2_ws/install/mypkg/lib/python3.10/site-packages/mypkg-0.0.0-py3.10.egg-info/zip-safe
/home/vm22/myros2_ws/install/mypkg/lib/python3.10/site-packages/mypkg-0.0.0-py3.10.egg-info/SOURCES.txt
/home/vm22/myros2_ws/install/mypkg/lib/mypkg/frist_publisher
/home/vm22/myros2_ws/install/mypkg/lib/mypkg/frist_subscription
/home/vm22/myros2_ws/install/mypkg/lib/mypkg/twist_publisher
